2023-10-13T22:19:36.441+02:00  INFO 32272 --- [main] p.e.a.p.ProductivitypalApplication       : Starting ProductivitypalApplication using Java 18.0.2 with PID 32272 (/Users/sophiepopow/Documents/AGH/Inzynierka/backend/target/classes started by sophiepopow in /Users/sophiepopow/Documents/AGH/Inzynierka/backend)
2023-10-13T22:19:36.442+02:00  INFO 32272 --- [main] p.e.a.p.ProductivitypalApplication       : No active profile set, falling back to 1 default profile: "default"
2023-10-13T22:19:36.677+02:00  INFO 32272 --- [main] .s.d.r.c.RepositoryConfigurationDelegate : Bootstrapping Spring Data JPA repositories in DEFAULT mode.
2023-10-13T22:19:36.705+02:00  INFO 32272 --- [main] .s.d.r.c.RepositoryConfigurationDelegate : Finished Spring Data repository scanning in 25 ms. Found 6 JPA repository interfaces.
2023-10-13T22:19:36.896+02:00  INFO 32272 --- [main] o.s.b.w.embedded.tomcat.TomcatWebServer  : Tomcat initialized with port(s): 8080 (http)
2023-10-13T22:19:36.900+02:00  INFO 32272 --- [main] o.apache.catalina.core.StandardService   : Starting service [Tomcat]
2023-10-13T22:19:36.900+02:00  INFO 32272 --- [main] o.apache.catalina.core.StandardEngine    : Starting Servlet engine: [Apache Tomcat/10.1.8]
2023-10-13T22:19:36.933+02:00  INFO 32272 --- [main] o.a.c.c.C.[Tomcat].[localhost].[/]       : Initializing Spring embedded WebApplicationContext
2023-10-13T22:19:36.933+02:00  INFO 32272 --- [main] w.s.c.ServletWebServerApplicationContext : Root WebApplicationContext: initialization completed in 476 ms
2023-10-13T22:19:36.977+02:00  INFO 32272 --- [main] o.hibernate.jpa.internal.util.LogHelper  : HHH000204: Processing PersistenceUnitInfo [name: default]
2023-10-13T22:19:37.000+02:00  INFO 32272 --- [main] org.hibernate.Version                    : HHH000412: Hibernate ORM core version 6.1.7.Final
2023-10-13T22:19:37.109+02:00  INFO 32272 --- [main] com.zaxxer.hikari.HikariDataSource       : HikariPool-1 - Starting...
2023-10-13T22:19:37.212+02:00  INFO 32272 --- [main] com.zaxxer.hikari.pool.HikariPool        : HikariPool-1 - Added connection org.postgresql.jdbc.PgConnection@20216016
2023-10-13T22:19:37.213+02:00  INFO 32272 --- [main] com.zaxxer.hikari.HikariDataSource       : HikariPool-1 - Start completed.
2023-10-13T22:19:37.231+02:00  INFO 32272 --- [main] SQL dialect                              : HHH000400: Using dialect: org.hibernate.dialect.PostgreSQLDialect
2023-10-13T22:19:37.585+02:00  WARN 32272 --- [main] o.h.engine.jdbc.spi.SqlExceptionHelper   : SQL Warning Code: 0, SQLState: 00000
2023-10-13T22:19:37.585+02:00  WARN 32272 --- [main] o.h.engine.jdbc.spi.SqlExceptionHelper   : relation "email_verification" does not exist, skipping
2023-10-13T22:19:37.633+02:00  WARN 32272 --- [main] o.h.engine.jdbc.spi.SqlExceptionHelper   : SQL Warning Code: 0, SQLState: 00000
2023-10-13T22:19:37.634+02:00  WARN 32272 --- [main] o.h.engine.jdbc.spi.SqlExceptionHelper   : table "email_verification" does not exist, skipping
2023-10-13T22:19:37.720+02:00  INFO 32272 --- [main] o.h.e.t.j.p.i.JtaPlatformInitiator       : HHH000490: Using JtaPlatform implementation: [org.hibernate.engine.transaction.jta.platform.internal.NoJtaPlatform]
2023-10-13T22:19:37.727+02:00  INFO 32272 --- [main] j.LocalContainerEntityManagerFactoryBean : Initialized JPA EntityManagerFactory for persistence unit 'default'
2023-10-13T22:19:37.973+02:00  WARN 32272 --- [main] JpaBaseConfiguration$JpaWebConfiguration : spring.jpa.open-in-view is enabled by default. Therefore, database queries may be performed during view rendering. Explicitly configure spring.jpa.open-in-view to disable this warning
2023-10-13T22:19:38.068+02:00  INFO 32272 --- [main] o.s.s.web.DefaultSecurityFilterChain     : Will secure any request with [org.springframework.security.web.session.DisableEncodeUrlFilter@25da1dc9, org.springframework.security.web.context.request.async.WebAsyncManagerIntegrationFilter@3976910, org.springframework.security.web.context.SecurityContextHolderFilter@629cf53c, org.springframework.security.web.header.HeaderWriterFilter@f391e52, org.springframework.web.filter.CorsFilter@6e149395, org.springframework.security.web.authentication.logout.LogoutFilter@6c3884f5, pl.edu.agh.productivitypal.config.JwtAuthenticationFilter@20a25f66, org.springframework.security.web.savedrequest.RequestCacheAwareFilter@3182143c, org.springframework.security.web.servletapi.SecurityContextHolderAwareRequestFilter@109188b4, org.springframework.security.web.authentication.AnonymousAuthenticationFilter@19bbb216, org.springframework.security.web.session.SessionManagementFilter@7bbe852a, org.springframework.security.web.access.ExceptionTranslationFilter@71ac5723, org.springframework.security.web.access.intercept.AuthorizationFilter@4be1c797]
2023-10-13T22:19:38.307+02:00  INFO 32272 --- [main] o.s.b.w.embedded.tomcat.TomcatWebServer  : Tomcat started on port(s): 8080 (http) with context path ''
2023-10-13T22:19:38.310+02:00  INFO 32272 --- [main] p.e.a.p.ProductivitypalApplication       : Started ProductivitypalApplication in 2.026 seconds (process running for 7.236)
2023-10-13T22:20:05.716+02:00  INFO 32272 --- [SpringApplicationShutdownHook] j.LocalContainerEntityManagerFactoryBean : Closing JPA EntityManagerFactory for persistence unit 'default'
2023-10-13T22:20:05.718+02:00  INFO 32272 --- [SpringApplicationShutdownHook] com.zaxxer.hikari.HikariDataSource       : HikariPool-1 - Shutdown initiated...
2023-10-13T22:20:05.719+02:00  INFO 32272 --- [SpringApplicationShutdownHook] com.zaxxer.hikari.HikariDataSource       : HikariPool-1 - Shutdown completed.
2023-10-13T22:24:11.381+02:00  INFO 32367 --- [main] p.e.a.p.ProductivitypalApplication       : Starting ProductivitypalApplication using Java 18.0.2 with PID 32367 (/Users/sophiepopow/Documents/AGH/Inzynierka/backend/target/classes started by sophiepopow in /Users/sophiepopow/Documents/AGH/Inzynierka/backend)
2023-10-13T22:24:11.382+02:00  INFO 32367 --- [main] p.e.a.p.ProductivitypalApplication       : No active profile set, falling back to 1 default profile: "default"
2023-10-13T22:24:11.607+02:00  INFO 32367 --- [main] .s.d.r.c.RepositoryConfigurationDelegate : Bootstrapping Spring Data JPA repositories in DEFAULT mode.
2023-10-13T22:24:11.634+02:00  INFO 32367 --- [main] .s.d.r.c.RepositoryConfigurationDelegate : Finished Spring Data repository scanning in 24 ms. Found 6 JPA repository interfaces.
2023-10-13T22:24:11.820+02:00  INFO 32367 --- [main] o.s.b.w.embedded.tomcat.TomcatWebServer  : Tomcat initialized with port(s): 8080 (http)
2023-10-13T22:24:11.823+02:00  INFO 32367 --- [main] o.apache.catalina.core.StandardService   : Starting service [Tomcat]
2023-10-13T22:24:11.823+02:00  INFO 32367 --- [main] o.apache.catalina.core.StandardEngine    : Starting Servlet engine: [Apache Tomcat/10.1.8]
2023-10-13T22:24:11.856+02:00  INFO 32367 --- [main] o.a.c.c.C.[Tomcat].[localhost].[/]       : Initializing Spring embedded WebApplicationContext
2023-10-13T22:24:11.856+02:00  INFO 32367 --- [main] w.s.c.ServletWebServerApplicationContext : Root WebApplicationContext: initialization completed in 456 ms
2023-10-13T22:24:11.900+02:00  INFO 32367 --- [main] o.hibernate.jpa.internal.util.LogHelper  : HHH000204: Processing PersistenceUnitInfo [name: default]
2023-10-13T22:24:11.922+02:00  INFO 32367 --- [main] org.hibernate.Version                    : HHH000412: Hibernate ORM core version 6.1.7.Final
2023-10-13T22:24:12.029+02:00  INFO 32367 --- [main] com.zaxxer.hikari.HikariDataSource       : HikariPool-1 - Starting...
2023-10-13T22:24:12.109+02:00  INFO 32367 --- [main] com.zaxxer.hikari.pool.HikariPool        : HikariPool-1 - Added connection org.postgresql.jdbc.PgConnection@15369d73
2023-10-13T22:24:12.109+02:00  INFO 32367 --- [main] com.zaxxer.hikari.HikariDataSource       : HikariPool-1 - Start completed.
2023-10-13T22:24:12.127+02:00  INFO 32367 --- [main] SQL dialect                              : HHH000400: Using dialect: org.hibernate.dialect.PostgreSQLDialect
2023-10-13T22:24:12.520+02:00  INFO 32367 --- [main] o.h.e.t.j.p.i.JtaPlatformInitiator       : HHH000490: Using JtaPlatform implementation: [org.hibernate.engine.transaction.jta.platform.internal.NoJtaPlatform]
2023-10-13T22:24:12.524+02:00  INFO 32367 --- [main] j.LocalContainerEntityManagerFactoryBean : Initialized JPA EntityManagerFactory for persistence unit 'default'
2023-10-13T22:24:12.752+02:00  WARN 32367 --- [main] JpaBaseConfiguration$JpaWebConfiguration : spring.jpa.open-in-view is enabled by default. Therefore, database queries may be performed during view rendering. Explicitly configure spring.jpa.open-in-view to disable this warning
2023-10-13T22:24:12.843+02:00  INFO 32367 --- [main] o.s.s.web.DefaultSecurityFilterChain     : Will secure any request with [org.springframework.security.web.session.DisableEncodeUrlFilter@7b38db21, org.springframework.security.web.context.request.async.WebAsyncManagerIntegrationFilter@54f4734e, org.springframework.security.web.context.SecurityContextHolderFilter@106f2425, org.springframework.security.web.header.HeaderWriterFilter@67aaf882, org.springframework.security.web.authentication.logout.LogoutFilter@469bd719, pl.edu.agh.productivitypal.config.JwtAuthenticationFilter@19de32cb, org.springframework.security.web.savedrequest.RequestCacheAwareFilter@362fd4e9, org.springframework.security.web.servletapi.SecurityContextHolderAwareRequestFilter@629cf53c, org.springframework.security.web.authentication.AnonymousAuthenticationFilter@6a26eee6, org.springframework.security.web.session.SessionManagementFilter@4fea9f19, org.springframework.security.web.access.ExceptionTranslationFilter@47400608, org.springframework.security.web.access.intercept.AuthorizationFilter@26c1244c]
2023-10-13T22:24:12.953+02:00  INFO 32367 --- [main] o.s.b.w.embedded.tomcat.TomcatWebServer  : Tomcat started on port(s): 8080 (http) with context path ''
2023-10-13T22:24:12.956+02:00  INFO 32367 --- [main] p.e.a.p.ProductivitypalApplication       : Started ProductivitypalApplication in 1.704 seconds (process running for 6.947)
2023-10-13T22:25:00.532+02:00  INFO 32367 --- [http-nio-8080-exec-1] o.a.c.c.C.[Tomcat].[localhost].[/]       : Initializing Spring DispatcherServlet 'dispatcherServlet'
2023-10-13T22:25:00.533+02:00  INFO 32367 --- [http-nio-8080-exec-1] o.s.web.servlet.DispatcherServlet        : Initializing Servlet 'dispatcherServlet'
2023-10-13T22:25:00.535+02:00  INFO 32367 --- [http-nio-8080-exec-1] o.s.web.servlet.DispatcherServlet        : Completed initialization in 2 ms
2023-10-13T22:26:53.921+02:00  INFO 32367 --- [SpringApplicationShutdownHook] j.LocalContainerEntityManagerFactoryBean : Closing JPA EntityManagerFactory for persistence unit 'default'
2023-10-13T22:26:53.923+02:00  INFO 32367 --- [SpringApplicationShutdownHook] com.zaxxer.hikari.HikariDataSource       : HikariPool-1 - Shutdown initiated...
2023-10-13T22:26:53.925+02:00  INFO 32367 --- [SpringApplicationShutdownHook] com.zaxxer.hikari.HikariDataSource       : HikariPool-1 - Shutdown completed.
2023-10-13T22:27:00.609+02:00  INFO 32408 --- [main] p.e.a.p.ProductivitypalApplication       : Starting ProductivitypalApplication using Java 18.0.2 with PID 32408 (/Users/sophiepopow/Documents/AGH/Inzynierka/backend/target/classes started by sophiepopow in /Users/sophiepopow/Documents/AGH/Inzynierka/backend)
2023-10-13T22:27:00.611+02:00  INFO 32408 --- [main] p.e.a.p.ProductivitypalApplication       : No active profile set, falling back to 1 default profile: "default"
2023-10-13T22:27:00.828+02:00  INFO 32408 --- [main] .s.d.r.c.RepositoryConfigurationDelegate : Bootstrapping Spring Data JPA repositories in DEFAULT mode.
2023-10-13T22:27:00.854+02:00  INFO 32408 --- [main] .s.d.r.c.RepositoryConfigurationDelegate : Finished Spring Data repository scanning in 22 ms. Found 6 JPA repository interfaces.
2023-10-13T22:27:01.031+02:00  INFO 32408 --- [main] o.s.b.w.embedded.tomcat.TomcatWebServer  : Tomcat initialized with port(s): 8080 (http)
2023-10-13T22:27:01.034+02:00  INFO 32408 --- [main] o.apache.catalina.core.StandardService   : Starting service [Tomcat]
2023-10-13T22:27:01.034+02:00  INFO 32408 --- [main] o.apache.catalina.core.StandardEngine    : Starting Servlet engine: [Apache Tomcat/10.1.8]
2023-10-13T22:27:01.059+02:00  INFO 32408 --- [main] o.a.c.c.C.[Tomcat].[localhost].[/]       : Initializing Spring embedded WebApplicationContext
2023-10-13T22:27:01.059+02:00  INFO 32408 --- [main] w.s.c.ServletWebServerApplicationContext : Root WebApplicationContext: initialization completed in 429 ms
2023-10-13T22:27:01.101+02:00  INFO 32408 --- [main] o.hibernate.jpa.internal.util.LogHelper  : HHH000204: Processing PersistenceUnitInfo [name: default]
2023-10-13T22:27:01.119+02:00  INFO 32408 --- [main] org.hibernate.Version                    : HHH000412: Hibernate ORM core version 6.1.7.Final
2023-10-13T22:27:01.209+02:00  INFO 32408 --- [main] com.zaxxer.hikari.HikariDataSource       : HikariPool-1 - Starting...
2023-10-13T22:27:01.283+02:00  INFO 32408 --- [main] com.zaxxer.hikari.pool.HikariPool        : HikariPool-1 - Added connection org.postgresql.jdbc.PgConnection@54326e9
2023-10-13T22:27:01.283+02:00  INFO 32408 --- [main] com.zaxxer.hikari.HikariDataSource       : HikariPool-1 - Start completed.
2023-10-13T22:27:01.300+02:00  INFO 32408 --- [main] SQL dialect                              : HHH000400: Using dialect: org.hibernate.dialect.PostgreSQLDialect
2023-10-13T22:27:01.654+02:00  INFO 32408 --- [main] o.h.e.t.j.p.i.JtaPlatformInitiator       : HHH000490: Using JtaPlatform implementation: [org.hibernate.engine.transaction.jta.platform.internal.NoJtaPlatform]
2023-10-13T22:27:01.657+02:00  INFO 32408 --- [main] j.LocalContainerEntityManagerFactoryBean : Initialized JPA EntityManagerFactory for persistence unit 'default'
2023-10-13T22:27:01.893+02:00  WARN 32408 --- [main] JpaBaseConfiguration$JpaWebConfiguration : spring.jpa.open-in-view is enabled by default. Therefore, database queries may be performed during view rendering. Explicitly configure spring.jpa.open-in-view to disable this warning
2023-10-13T22:27:01.986+02:00  INFO 32408 --- [main] o.s.s.web.DefaultSecurityFilterChain     : Will secure any request with [org.springframework.security.web.session.DisableEncodeUrlFilter@15405ba1, org.springframework.security.web.context.request.async.WebAsyncManagerIntegrationFilter@f6e3b67, org.springframework.security.web.context.SecurityContextHolderFilter@374bf34b, org.springframework.security.web.header.HeaderWriterFilter@36ce0bc2, org.springframework.web.filter.CorsFilter@1dc2c13c, org.springframework.security.web.authentication.logout.LogoutFilter@66576bd2, pl.edu.agh.productivitypal.config.JwtAuthenticationFilter@7fce1069, org.springframework.security.web.savedrequest.RequestCacheAwareFilter@6efc9d3f, org.springframework.security.web.servletapi.SecurityContextHolderAwareRequestFilter@7bb3294c, org.springframework.security.web.authentication.AnonymousAuthenticationFilter@579ee82, org.springframework.security.web.session.SessionManagementFilter@7ed5cc8c, org.springframework.security.web.access.ExceptionTranslationFilter@e5f05f8, org.springframework.security.web.access.intercept.AuthorizationFilter@65294247]
2023-10-13T22:27:02.089+02:00  INFO 32408 --- [main] o.s.b.w.embedded.tomcat.TomcatWebServer  : Tomcat started on port(s): 8080 (http) with context path ''
2023-10-13T22:27:02.092+02:00  INFO 32408 --- [main] p.e.a.p.ProductivitypalApplication       : Started ProductivitypalApplication in 1.613 seconds (process running for 6.818)
2023-10-13T22:27:06.808+02:00  INFO 32408 --- [http-nio-8080-exec-1] o.a.c.c.C.[Tomcat].[localhost].[/]       : Initializing Spring DispatcherServlet 'dispatcherServlet'
2023-10-13T22:27:06.808+02:00  INFO 32408 --- [http-nio-8080-exec-1] o.s.web.servlet.DispatcherServlet        : Initializing Servlet 'dispatcherServlet'
2023-10-13T22:27:06.809+02:00  INFO 32408 --- [http-nio-8080-exec-1] o.s.web.servlet.DispatcherServlet        : Completed initialization in 1 ms
2023-10-13T22:30:21.317+02:00  INFO 32408 --- [SpringApplicationShutdownHook] j.LocalContainerEntityManagerFactoryBean : Closing JPA EntityManagerFactory for persistence unit 'default'
2023-10-13T22:30:21.320+02:00  INFO 32408 --- [SpringApplicationShutdownHook] com.zaxxer.hikari.HikariDataSource       : HikariPool-1 - Shutdown initiated...
2023-10-13T22:30:21.321+02:00  INFO 32408 --- [SpringApplicationShutdownHook] com.zaxxer.hikari.HikariDataSource       : HikariPool-1 - Shutdown completed.
2023-10-13T22:30:41.265+02:00  INFO 32469 --- [main] p.e.a.p.ProductivitypalApplication       : Starting ProductivitypalApplication using Java 18.0.2 with PID 32469 (/Users/sophiepopow/Documents/AGH/Inzynierka/backend/target/classes started by sophiepopow in /Users/sophiepopow/Documents/AGH/Inzynierka/backend)
2023-10-13T22:30:41.266+02:00  INFO 32469 --- [main] p.e.a.p.ProductivitypalApplication       : No active profile set, falling back to 1 default profile: "default"
2023-10-13T22:30:41.498+02:00  INFO 32469 --- [main] .s.d.r.c.RepositoryConfigurationDelegate : Bootstrapping Spring Data JPA repositories in DEFAULT mode.
2023-10-13T22:30:41.522+02:00  INFO 32469 --- [main] .s.d.r.c.RepositoryConfigurationDelegate : Finished Spring Data repository scanning in 21 ms. Found 6 JPA repository interfaces.
2023-10-13T22:30:41.697+02:00  INFO 32469 --- [main] o.s.b.w.embedded.tomcat.TomcatWebServer  : Tomcat initialized with port(s): 8080 (http)
2023-10-13T22:30:41.701+02:00  INFO 32469 --- [main] o.apache.catalina.core.StandardService   : Starting service [Tomcat]
2023-10-13T22:30:41.701+02:00  INFO 32469 --- [main] o.apache.catalina.core.StandardEngine    : Starting Servlet engine: [Apache Tomcat/10.1.8]
2023-10-13T22:30:41.729+02:00  INFO 32469 --- [main] o.a.c.c.C.[Tomcat].[localhost].[/]       : Initializing Spring embedded WebApplicationContext
2023-10-13T22:30:41.729+02:00  INFO 32469 --- [main] w.s.c.ServletWebServerApplicationContext : Root WebApplicationContext: initialization completed in 445 ms
2023-10-13T22:30:41.775+02:00  INFO 32469 --- [main] o.hibernate.jpa.internal.util.LogHelper  : HHH000204: Processing PersistenceUnitInfo [name: default]
2023-10-13T22:30:41.797+02:00  INFO 32469 --- [main] org.hibernate.Version                    : HHH000412: Hibernate ORM core version 6.1.7.Final
2023-10-13T22:30:41.901+02:00  INFO 32469 --- [main] com.zaxxer.hikari.HikariDataSource       : HikariPool-1 - Starting...
2023-10-13T22:30:41.993+02:00  INFO 32469 --- [main] com.zaxxer.hikari.pool.HikariPool        : HikariPool-1 - Added connection org.postgresql.jdbc.PgConnection@15369d73
2023-10-13T22:30:41.993+02:00  INFO 32469 --- [main] com.zaxxer.hikari.HikariDataSource       : HikariPool-1 - Start completed.
2023-10-13T22:30:42.012+02:00  INFO 32469 --- [main] SQL dialect                              : HHH000400: Using dialect: org.hibernate.dialect.PostgreSQLDialect
2023-10-13T22:30:42.369+02:00  INFO 32469 --- [main] o.h.e.t.j.p.i.JtaPlatformInitiator       : HHH000490: Using JtaPlatform implementation: [org.hibernate.engine.transaction.jta.platform.internal.NoJtaPlatform]
2023-10-13T22:30:42.372+02:00  INFO 32469 --- [main] j.LocalContainerEntityManagerFactoryBean : Initialized JPA EntityManagerFactory for persistence unit 'default'
2023-10-13T22:30:42.593+02:00  WARN 32469 --- [main] JpaBaseConfiguration$JpaWebConfiguration : spring.jpa.open-in-view is enabled by default. Therefore, database queries may be performed during view rendering. Explicitly configure spring.jpa.open-in-view to disable this warning
2023-10-13T22:30:42.682+02:00  INFO 32469 --- [main] o.s.s.web.DefaultSecurityFilterChain     : Will secure any request with [org.springframework.security.web.session.DisableEncodeUrlFilter@6d84ab90, org.springframework.security.web.context.request.async.WebAsyncManagerIntegrationFilter@3182143c, org.springframework.security.web.context.SecurityContextHolderFilter@1e489957, org.springframework.security.web.header.HeaderWriterFilter@71ce19ee, org.springframework.web.filter.CorsFilter@7cb38a6a, org.springframework.security.web.authentication.logout.LogoutFilter@7bb3294c, pl.edu.agh.productivitypal.config.JwtAuthenticationFilter@19de32cb, org.springframework.security.web.savedrequest.RequestCacheAwareFilter@5b827796, org.springframework.security.web.servletapi.SecurityContextHolderAwareRequestFilter@4351d055, org.springframework.security.web.authentication.AnonymousAuthenticationFilter@7983a5d5, org.springframework.security.web.session.SessionManagementFilter@7841c990, org.springframework.security.web.access.ExceptionTranslationFilter@78805df3, org.springframework.security.web.access.intercept.AuthorizationFilter@6ac4f31d]
2023-10-13T22:30:42.786+02:00  INFO 32469 --- [main] o.s.b.w.embedded.tomcat.TomcatWebServer  : Tomcat started on port(s): 8080 (http) with context path ''
2023-10-13T22:30:42.790+02:00  INFO 32469 --- [main] p.e.a.p.ProductivitypalApplication       : Started ProductivitypalApplication in 1.661 seconds (process running for 6.933)
